SF:lib/features/news/data/models/news_model.dart
DA:4,0
DA:6,0
DA:13,3
DA:19,0
DA:24,0
DA:25,0
DA:26,0
DA:27,0
DA:30,4
DA:31,2
DA:32,2
DA:33,2
DA:34,8
DA:37,2
DA:38,1
DA:39,1
DA:40,5
DA:43,2
DA:44,8
DA:56,3
DA:66,0
DA:75,0
DA:76,0
DA:77,0
DA:78,0
DA:79,0
DA:80,0
DA:81,0
DA:82,0
DA:85,4
DA:86,2
DA:87,2
DA:88,2
DA:89,2
DA:90,2
DA:91,4
DA:92,2
DA:95,2
DA:96,1
DA:97,1
DA:98,1
DA:99,1
DA:100,1
DA:101,2
DA:102,1
DA:105,2
DA:106,2
DA:107,2
DA:108,2
DA:109,2
DA:110,2
DA:111,2
DA:112,2
DA:113,2
LF:54
LH:38
end_of_record
SF:lib/features/news/data/repositories/news_repository_impl.dart
DA:13,1
DA:16,1
DA:18,2
DA:21,2
DA:22,2
DA:23,0
DA:24,0
LF:7
LH:5
end_of_record
SF:lib/core/network/network_info.dart
DA:10,0
DA:11,0
DA:13,0
DA:14,0
LF:4
LH:0
end_of_record
SF:lib/features/news/data/datasources/remote_data_source.dart
DA:15,1
DA:18,1
DA:20,1
DA:21,1
DA:22,2
DA:23,3
DA:25,0
LF:7
LH:6
end_of_record
SF:lib/core/error/failure.dart
DA:6,3
DA:7,0
DA:8,0
DA:12,0
DA:16,3
LF:5
LH:2
end_of_record
