SF:lib/features/news/data/models/news_model.dart
DA:4,0
DA:6,0
DA:13,2
DA:19,0
DA:24,0
DA:25,0
DA:26,0
DA:27,0
DA:30,4
DA:31,2
DA:32,2
DA:33,2
DA:34,8
DA:37,2
DA:38,1
DA:39,1
DA:40,5
DA:43,2
DA:45,8
DA:57,2
DA:67,0
DA:76,0
DA:77,0
DA:78,0
DA:79,0
DA:80,0
DA:81,0
DA:82,0
DA:83,0
DA:86,4
DA:87,2
DA:88,2
DA:89,2
DA:90,2
DA:91,2
DA:92,4
DA:93,2
DA:96,2
DA:97,1
DA:98,1
DA:99,1
DA:100,1
DA:101,1
DA:102,2
DA:103,1
DA:106,2
DA:108,2
DA:109,2
DA:110,2
DA:111,2
DA:112,2
DA:113,2
DA:114,2
DA:115,2
LF:54
LH:38
end_of_record
SF:lib/features/news/data/datasources/remote_data_source.dart
DA:15,1
DA:18,1
DA:20,1
DA:21,1
DA:22,2
DA:23,3
DA:25,0
LF:7
LH:6
end_of_record
